<?xml version="1.0" encoding="UTF-8"?>
<testsuite xmlns:xsi="http://www.w3.org/2001/XMLSchema-instance" xsi:noNamespaceSchemaLocation="https://maven.apache.org/surefire/maven-surefire-plugin/xsd/surefire-test-report.xsd" version="3.0.2" name="se.fk.github.archunit.Slf4jUsageArchUnitTest" time="1.404" tests="2" errors="0" skipped="0" failures="0">
  <properties>
[...]
</properties>
  <testcase name="noDirectDependenceOnOtherLoggingFrameworks" classname="se.fk.github.archunit.Slf4jUsageArchUnitTest" time="1.14">
    <system-out><![CDATA[2026-05-05 16:10:56,881 INFO  [com.tng.arc.ArchConfiguration] (main) [breadcrumbid= app= method= url= processId=] Merging properties: The following properties have been overwritten by system properties: {packageToScan=se.fk}
2026-05-05 16:10:57,009 INFO  [com.tng.arc.cor.PluginLoader] (main) [breadcrumbid= app= method= url= processId=] Detected Java version 21.0.10
]]></system-out>
  </testcase>
  <testcase name="forbid_system_out_println" classname="se.fk.github.archunit.Slf4jUsageArchUnitTest" time="0.246"/>
</testsuite>